<?xml version="1.0" encoding="UTF-8"?>
<!-- Generated by org.testng.reporters.JUnitXMLReporter -->
<testsuite ignored="0" hostname="LAPTOP-TJD64CLT" failures="0" tests="4" name="Sanity" time="33.531" errors="0" timestamp="2020-05-23T20:25:50 CDT">
  <testcase classname="testNG.MultipleDropDownButtonNG" name="MultNG" time="9.478"/>
  <testcase classname="seleniumIntroduction.FirstClassMercuryToursTestNG" name="First" time="9.239"/>
  <testcase classname="testNG.Demo" name="seleniumPractice1" time="6.22"/>
  <testcase classname="testNG.Demo" name="TitleComparison1" time="2.459"/>
</testsuite> <!-- Sanity -->
