<?xml version="1.0" encoding="UTF-8"?>
<!-- Generated by org.testng.reporters.JUnitXMLReporter -->
<testsuite ignored="0" hostname="LAPTOP-TJD64CLT" failures="0" tests="4" name="Personal loan" time="38.114" errors="0" timestamp="2020-05-23T20:23:30 CDT">
  <testcase classname="testNG.MultipleDropDownButtonNG" name="MultNG" time="10.804"/>
  <testcase classname="seleniumIntroduction.FirstClassMercuryToursTestNG" name="First" time="10.564"/>
  <testcase classname="testNG.Demo" name="seleniumPractice1" time="5.879"/>
  <testcase classname="testNG.Demo" name="TitleComparison1" time="2.826"/>
</testsuite> <!-- Personal loan -->
